0 info it worked if it ends with ok
1 verbose cli [ '/usr/local/bin/node',
1 verbose cli   '/usr/local/bin/npm',
1 verbose cli   'install',
1 verbose cli   '-g',
1 verbose cli   'coffeelint' ]
2 info using npm@2.14.12
3 info using node@v4.3.2
4 verbose install initial load of /usr/local/lib/package.json
5 verbose readDependencies loading dependencies from /usr/local/lib/package.json
6 silly cache add args [ 'coffeelint', null ]
7 verbose cache add spec coffeelint
8 silly cache add parsed spec Result {
8 silly cache add   raw: 'coffeelint',
8 silly cache add   scope: null,
8 silly cache add   name: 'coffeelint',
8 silly cache add   rawSpec: '',
8 silly cache add   spec: 'latest',
8 silly cache add   type: 'tag' }
9 silly addNamed coffeelint@latest
10 verbose addNamed "latest" is being treated as a dist-tag for coffeelint
11 info addNameTag [ 'coffeelint', 'latest' ]
12 silly mapToRegistry name coffeelint
13 silly mapToRegistry using default registry
14 silly mapToRegistry registry https://registry.npmjs.org/
15 silly mapToRegistry uri https://registry.npmjs.org/coffeelint
16 verbose addNameTag registry:https://registry.npmjs.org/coffeelint not in flight; fetching
17 verbose request uri https://registry.npmjs.org/coffeelint
18 verbose request no auth needed
19 info attempt registry request try #1 at 10:31:26 AM
20 verbose request id 380a955fcd47262d
21 http request GET https://registry.npmjs.org/coffeelint
22 http 200 https://registry.npmjs.org/coffeelint
23 verbose headers { server: 'CouchDB/1.5.0 (Erlang OTP/R16B03)',
23 verbose headers   etag: '"5324CSBT54S2DVIA4FPTE4PHW"',
23 verbose headers   'content-type': 'application/json',
23 verbose headers   'cache-control': 'max-age=300',
23 verbose headers   'content-length': '117518',
23 verbose headers   'accept-ranges': 'bytes',
23 verbose headers   date: 'Thu, 24 Mar 2016 14:31:27 GMT',
23 verbose headers   via: '1.1 varnish',
23 verbose headers   age: '146',
23 verbose headers   connection: 'keep-alive',
23 verbose headers   'x-served-by': 'cache-atl6249-ATL',
23 verbose headers   'x-cache': 'HIT',
23 verbose headers   'x-cache-hits': '1',
23 verbose headers   'x-timer': 'S1458829887.048820,VS0,VE0',
23 verbose headers   vary: 'Accept' }
24 silly get cb [ 200,
24 silly get   { server: 'CouchDB/1.5.0 (Erlang OTP/R16B03)',
24 silly get     etag: '"5324CSBT54S2DVIA4FPTE4PHW"',
24 silly get     'content-type': 'application/json',
24 silly get     'cache-control': 'max-age=300',
24 silly get     'content-length': '117518',
24 silly get     'accept-ranges': 'bytes',
24 silly get     date: 'Thu, 24 Mar 2016 14:31:27 GMT',
24 silly get     via: '1.1 varnish',
24 silly get     age: '146',
24 silly get     connection: 'keep-alive',
24 silly get     'x-served-by': 'cache-atl6249-ATL',
24 silly get     'x-cache': 'HIT',
24 silly get     'x-cache-hits': '1',
24 silly get     'x-timer': 'S1458829887.048820,VS0,VE0',
24 silly get     vary: 'Accept' } ]
25 verbose get saving coffeelint to /Users/Johanna/.npm/registry.npmjs.org/coffeelint/.cache.json
26 silly addNameTag next cb for coffeelint with tag latest
27 silly addNamed coffeelint@1.15.0
28 verbose addNamed "1.15.0" is a plain semver version for coffeelint
29 silly mapToRegistry name coffeelint
30 silly mapToRegistry using default registry
31 silly mapToRegistry registry https://registry.npmjs.org/
32 silly mapToRegistry uri https://registry.npmjs.org/coffeelint
33 verbose addRemoteTarball https://registry.npmjs.org/coffeelint/-/coffeelint-1.15.0.tgz not in flight; adding
34 verbose addRemoteTarball [ 'https://registry.npmjs.org/coffeelint/-/coffeelint-1.15.0.tgz',
34 verbose addRemoteTarball   'd39de99a185b87854b20b1e7a3be16c461c52890' ]
35 info retry fetch attempt 1 at 10:31:27 AM
36 info attempt registry request try #1 at 10:31:27 AM
37 http fetch GET https://registry.npmjs.org/coffeelint/-/coffeelint-1.15.0.tgz
38 http fetch 200 https://registry.npmjs.org/coffeelint/-/coffeelint-1.15.0.tgz
39 silly fetchAndShaCheck shasum d39de99a185b87854b20b1e7a3be16c461c52890
40 verbose addTmpTarball /var/folders/st/3qc27lsd2lz7q53fd4mx30nm0000gn/T/npm-41953-2ef07cb2/registry.npmjs.org/coffeelint/-/coffeelint-1.15.0.tgz not in flight; adding
41 verbose addTmpTarball already have metadata; skipping unpack for coffeelint@1.15.0
42 silly cache afterAdd coffeelint@1.15.0
43 verbose afterAdd /Users/Johanna/.npm/coffeelint/1.15.0/package/package.json not in flight; writing
44 verbose afterAdd /Users/Johanna/.npm/coffeelint/1.15.0/package/package.json written
45 silly install resolved [ { name: 'coffeelint',
45 silly install resolved     description: 'Lint your CoffeeScript',
45 silly install resolved     version: '1.15.0',
45 silly install resolved     homepage: 'http://www.coffeelint.org',
45 silly install resolved     keywords: [ 'lint', 'coffeescript', 'coffee-script' ],
45 silly install resolved     author: { name: 'Matthew Perpick', email: 'clutchski@gmail.com' },
45 silly install resolved     main: './lib/coffeelint.js',
45 silly install resolved     engines: { npm: '>=1.3.7', node: '>=0.8.0' },
45 silly install resolved     repository:
45 silly install resolved      { type: 'git',
45 silly install resolved        url: 'git://github.com/clutchski/coffeelint.git' },
45 silly install resolved     bin: { coffeelint: './bin/coffeelint' },
45 silly install resolved     dependencies:
45 silly install resolved      { 'coffee-script': '^1.9.1',
45 silly install resolved        glob: '^4.0.0',
45 silly install resolved        ignore: '^2.2.15',
45 silly install resolved        optimist: '^0.6.1',
45 silly install resolved        resolve: '^0.6.3',
45 silly install resolved        'strip-json-comments': '^1.0.2' },
45 silly install resolved     devDependencies: { vows: '>=0.6.0', underscore: '>=1.4.4' },
45 silly install resolved     license: 'MIT',
45 silly install resolved     scripts:
45 silly install resolved      { pretest: 'cake compile',
45 silly install resolved        test: './vowsrunner.js --spec test/*.coffee test/*.litcoffee',
45 silly install resolved        testrule: 'npm run compile && ./vowsrunner.js --spec',
45 silly install resolved        posttest: 'npm run lint',
45 silly install resolved        prepublish: 'cake prepublish',
45 silly install resolved        postpublish: 'cake postpublish',
45 silly install resolved        publish: 'cake publish',
45 silly install resolved        lint: 'cake compile && ./bin/coffeelint .',
45 silly install resolved        'lint-csv': 'cake compile && ./bin/coffeelint --csv .',
45 silly install resolved        'lint-jslint': 'cake compile && ./bin/coffeelint --jslint .',
45 silly install resolved        compile: 'cake compile' },
45 silly install resolved     gitHead: 'e0d017010384d51a53b65fab89658aa9d8dba12f',
45 silly install resolved     bugs: { url: 'https://github.com/clutchski/coffeelint/issues' },
45 silly install resolved     _id: 'coffeelint@1.15.0',
45 silly install resolved     _shasum: 'd39de99a185b87854b20b1e7a3be16c461c52890',
45 silly install resolved     _from: 'coffeelint@latest',
45 silly install resolved     _npmVersion: '3.7.2',
45 silly install resolved     _nodeVersion: '4.2.2',
45 silly install resolved     _npmUser: { name: 'asaayers', email: 'Asa@AsaAyers.com' },
45 silly install resolved     dist:
45 silly install resolved      { shasum: 'd39de99a185b87854b20b1e7a3be16c461c52890',
45 silly install resolved        tarball: 'http://registry.npmjs.org/coffeelint/-/coffeelint-1.15.0.tgz' },
45 silly install resolved     maintainers: [ [Object], [Object], [Object], [Object] ],
45 silly install resolved     _npmOperationalInternal:
45 silly install resolved      { host: 'packages-13-west.internal.npmjs.com',
45 silly install resolved        tmp: 'tmp/coffeelint-1.15.0.tgz_1457292337712_0.933274058625102' },
45 silly install resolved     directories: {},
45 silly install resolved     _resolved: 'https://registry.npmjs.org/coffeelint/-/coffeelint-1.15.0.tgz' } ]
46 info install coffeelint@1.15.0 into /usr/local/lib
47 info installOne coffeelint@1.15.0
48 verbose installOne of coffeelint to /usr/local/lib not in flight; installing
49 verbose lock using /Users/Johanna/.npm/_locks/coffeelint-3cb593c099fe1321.lock for /usr/local/lib/node_modules/coffeelint
50 silly install write writing coffeelint 1.15.0 to /usr/local/lib/node_modules/coffeelint
51 verbose unbuild lib/node_modules/coffeelint
52 silly gentlyRm /usr/local/lib/node_modules/coffeelint is being purged from base /usr/local
53 verbose gentlyRm don't care about contents; nuking /usr/local/lib/node_modules/coffeelint
54 verbose tar unpack /Users/Johanna/.npm/coffeelint/1.15.0/package.tgz
55 verbose tar unpacking to /usr/local/lib/node_modules/coffeelint
56 silly gentlyRm /usr/local/lib/node_modules/coffeelint is being purged
57 verbose gentlyRm don't care about contents; nuking /usr/local/lib/node_modules/coffeelint
58 silly gunzTarPerm modes [ '755', '644' ]
59 error tar.unpack untar error /Users/Johanna/.npm/coffeelint/1.15.0/package.tgz
60 verbose unlock done using /Users/Johanna/.npm/_locks/coffeelint-3cb593c099fe1321.lock for /usr/local/lib/node_modules/coffeelint
61 verbose fstream_path /usr/local/lib/node_modules/coffeelint
62 verbose fstream_type Directory
63 verbose fstream_class DirWriter
64 verbose stack Error: EACCES: permission denied, mkdir '/usr/local/lib/node_modules/coffeelint'
64 verbose stack     at Error (native)
65 verbose fstream_stack /usr/local/lib/node_modules/npm/node_modules/fstream/lib/dir-writer.js:35:25
65 verbose fstream_stack /usr/local/lib/node_modules/npm/node_modules/mkdirp/index.js:47:53
65 verbose fstream_stack FSReqWrap.oncomplete (fs.js:82:15)
66 verbose cwd /Users/Johanna/MUSC/sparc-request-master/sparc-request
67 error Darwin 15.3.0
68 error argv "/usr/local/bin/node" "/usr/local/bin/npm" "install" "-g" "coffeelint"
69 error node v4.3.2
70 error npm  v2.14.12
71 error path /usr/local/lib/node_modules/coffeelint
72 error code EACCES
73 error errno -13
74 error syscall mkdir
75 error Error: EACCES: permission denied, mkdir '/usr/local/lib/node_modules/coffeelint'
75 error     at Error (native)
75 error  { [Error: EACCES: permission denied, mkdir '/usr/local/lib/node_modules/coffeelint']
75 error   errno: -13,
75 error   code: 'EACCES',
75 error   syscall: 'mkdir',
75 error   path: '/usr/local/lib/node_modules/coffeelint',
75 error   fstream_type: 'Directory',
75 error   fstream_path: '/usr/local/lib/node_modules/coffeelint',
75 error   fstream_class: 'DirWriter',
75 error   fstream_stack:
75 error    [ '/usr/local/lib/node_modules/npm/node_modules/fstream/lib/dir-writer.js:35:25',
75 error      '/usr/local/lib/node_modules/npm/node_modules/mkdirp/index.js:47:53',
75 error      'FSReqWrap.oncomplete (fs.js:82:15)' ] }
76 error Please try running this command again as root/Administrator.
77 verbose exit [ -13, true ]
78 verbose unbuild lib/node_modules/coffeelint
79 silly gentlyRm /usr/local/lib/node_modules/coffeelint is being purged from base /usr/local
80 verbose gentlyRm don't care about contents; nuking /usr/local/lib/node_modules/coffeelint
